{
  "RSpec": {
    "coverage": {
      "/home/csvm/Dropbox/cosc480/hw/cosc480-hw5/app/helpers/application_helper.rb": [
        1,
        null
      ],
      "/home/csvm/Dropbox/cosc480/hw/cosc480-hw5/app/helpers/products_helper.rb": [
        1,
        1,
        0,
        null,
        null
      ],
      "/home/csvm/Dropbox/cosc480/hw/cosc480-hw5/app/controllers/products_controller.rb": [
        1,
        1,
        null,
        1,
        null,
        null,
        22,
        10,
        10,
        null,
        12,
        0,
        12,
        3,
        null,
        9,
        9,
        9,
        null,
        null,
        null,
        1,
        4,
        null,
        null,
        1,
        0,
        null,
        null,
        1,
        0,
        0,
        0,
        null,
        0,
        0,
        null,
        null,
        null,
        1,
        0,
        null,
        null,
        1,
        0,
        0,
        0,
        0,
        null,
        0,
        0,
        null,
        null,
        null,
        1,
        0,
        0,
        0,
        0,
        null,
        null,
        1,
        1,
        0,
        null,
        null
      ],
      "/home/csvm/Dropbox/cosc480/hw/cosc480-hw5/app/controllers/application_controller.rb": [
        1,
        null,
        null,
        1,
        null
      ],
      "/home/csvm/Dropbox/cosc480/hw/cosc480-hw5/app/models/product.rb": [
        1,
        null,
        1,
        null,
        1,
        null,
        1,
        40,
        40,
        null,
        null,
        40,
        20,
        12,
        null,
        8,
        null,
        null,
        20,
        12,
        null,
        8,
        null,
        null,
        null,
        null,
        1,
        33,
        33,
        null,
        null,
        33,
        11,
        22,
        11,
        null,
        null,
        11,
        null,
        null,
        null,
        1,
        13,
        13,
        null,
        null,
        1,
        10,
        10,
        0,
        null,
        10,
        0,
        10,
        0,
        null,
        10,
        null,
        null,
        0,
        null,
        null,
        null
      ]
    },
    "timestamp": 1425509802
  },
  "Cucumber Features": {
    "coverage": {
    },
    "timestamp": 1425509796
  }
}
